// 使用者自定之警報訊息請由該行以下開始編寫

2001 = "R40.1 急停信號"
2002 = "R40.2 開機未回原點,請先回原點"
2003 = "R40.4 變頻器異常報警"
2004 = "R40.8 對刀過行程報警"
2005 = "R40.16 氣壓不足報警"
2006 = "R40.32 加工中松夾刀信號異常"
2007 = "R40.64 刀號不存在"
2008 = "R40.128 加工中主軸意外停止"

2017 = "R41.1 第5軸不在原點，禁止第6軸移動"
2018 = "R41.2 第6軸不在原點，禁止第5軸移動"
2019 = "R41.4 請讓Z軸先回原點"
2020 = "R41.8 請讓第6軸先回原點"
2021 = "R41.16 空調異常報警"
2022 = "R41.32 軸C不在安全位置禁止C軸回原點"
2023 = "R41.64 設置的待命刀套不存在"
2024 = "R41.128 對刀刀號與當前主軸刀號不一致"

2033 = "R42.1 切削液泵異常報警"
2034 = "R42.2 潤滑泵異常報警"

2049 = "R43.1 加工件數到達報警"
2050 = "R43.2 電氣櫃門被打開，空調關閉"

// 編寫結束

