8792                                      
MOT 9018: 16:54:23  03/19/2018
第6軸超過負向軟體行程極限

PLC 2017: 16:58:28  03/19/2018
R41.1 第5軸不在原點，禁止第6軸移動

MOT 9003: 16:58:45  03/19/2018
Y軸超過正向軟體行程極限

MOT 9005: 17:03:37  03/19/2018
Z軸超過正向軟體行程極限

MOT 9003: 17:04:29  03/19/2018
Y軸超過正向軟體行程極限

PLC 2050: 17:47:00  03/19/2018
R43.2 電氣櫃門被打開，空調關閉

PLC 2021: 17:47:00  03/19/2018
R41.16 空調異常報警

MOT 9003: 18:28:50  03/19/2018
Y軸超過正向軟體行程極限

MOT 9005: 19:00:04  03/19/2018
Z軸超過正向軟體行程極限

MOT 9003: 19:00:57  03/19/2018
Y軸超過正向軟體行程極限

MOT 9005: 19:19:34  03/19/2018
Z軸超過正向軟體行程極限

MOT 9003: 19:19:35  03/19/2018
Y軸超過正向軟體行程極限

MOT 9005: 19:20:07  03/19/2018
Z軸超過正向軟體行程極限

MOT 9003: 19:20:08  03/19/2018
Y軸超過正向軟體行程極限

INT 3114: 20:12:39  03/19/2018
已到加工程式檔尾,未含結束碼

MOT 9018: 20:24:41  03/19/2018
第6軸超過負向軟體行程極限

MOT 9003: 20:30:25  03/19/2018
Y軸超過正向軟體行程極限

MOT 9018: 20:49:55  03/19/2018
第6軸超過負向軟體行程極限

MOT 9003: 20:49:59  03/19/2018
Y軸超過正向軟體行程極限

PLC 2018: 20:50:00  03/19/2018
R41.2 第6軸不在原點，禁止第5軸移動

MOT 9003: 20:50:18  03/19/2018
Y軸超過正向軟體行程極限

MOT 9019: 21:27:20  03/19/2018
第5軸超過正向軟體行程極限

MOT 9003: 21:29:52  03/19/2018
Y軸超過正向軟體行程極限

MOT 9019: 21:29:53  03/19/2018
第5軸超過正向軟體行程極限

MOT 9003: 21:30:42  03/19/2018
Y軸超過正向軟體行程極限

MOT 9019: 21:30:44  03/19/2018
第5軸超過正向軟體行程極限

MOT 9003: 21:31:37  03/19/2018
Y軸超過正向軟體行程極限

MOT 9019: 21:31:38  03/19/2018
第5軸超過正向軟體行程極限

MOT 9005: 21:32:26  03/19/2018
Z軸超過正向軟體行程極限

MOT 9003: 21:32:28  03/19/2018
Y軸超過正向軟體行程極限

MOT 9019: 21:32:29  03/19/2018
第5軸超過正向軟體行程極限

MOT 9003: 21:33:28  03/19/2018
Y軸超過正向軟體行程極限

MOT 9019: 21:33:34  03/19/2018
第5軸超過正向軟體行程極限

MOT 9003: 21:34:30  03/19/2018
Y軸超過正向軟體行程極限

MOT 9019: 21:34:43  03/19/2018
第5軸超過正向軟體行程極限

MOT 9003: 21:36:05  03/19/2018
Y軸超過正向軟體行程極限

MOT 9019: 21:36:39  03/19/2018
第5軸超過正向軟體行程極限

MOT 9003: 21:38:10  03/19/2018
Y軸超過正向軟體行程極限

MOT 9019: 21:38:11  03/19/2018
第5軸超過正向軟體行程極限

MOT 9003: 21:41:26  03/19/2018
Y軸超過正向軟體行程極限

MOT 9019: 21:41:42  03/19/2018
第5軸超過正向軟體行程極限

MOT 9003: 21:52:29  03/19/2018
Y軸超過正向軟體行程極限

MOT 9005: 22:02:15  03/19/2018
Z軸超過正向軟體行程極限

MOT 9016: 22:06:50  03/19/2018
第5軸超過負向軟體行程極限

PLC 2017: 08:32:33  03/20/2018
R41.1 第5軸不在原點，禁止第6軸移動

MOT 9016: 08:34:43  03/20/2018
第5軸超過負向軟體行程極限

PLC 2017: 08:44:46  03/20/2018
R41.1 第5軸不在原點，禁止第6軸移動

MOT 9005: 08:45:43  03/20/2018
Z軸超過正向軟體行程極限

PLC 2019: 08:53:47  03/20/2018
R41.4 請讓Z軸先回原點

MOT 9005: 09:01:16  03/20/2018
Z軸超過正向軟體行程極限

PLC 2019: 09:02:15  03/20/2018
R41.4 請讓Z軸先回原點

MOT 9005: 09:04:28  03/20/2018
Z軸超過正向軟體行程極限

PLC 2019: 09:05:19  03/20/2018
R41.4 請讓Z軸先回原點

MOT 9005: 09:06:10  03/20/2018
Z軸超過正向軟體行程極限

PLC 2017: 09:10:44  03/20/2018
R41.1 第5軸不在原點，禁止第6軸移動

MOT 9016: 09:10:49  03/20/2018
第5軸超過負向軟體行程極限

MOT 9005: 09:11:42  03/20/2018
Z軸超過正向軟體行程極限

MOT 9016: 09:13:12  03/20/2018
第5軸超過負向軟體行程極限

PLC 2017: 09:18:49  03/20/2018
R41.1 第5軸不在原點，禁止第6軸移動

MOT 9005: 09:21:03  03/20/2018
Z軸超過正向軟體行程極限

PLC 2002: 09:31:15  03/20/2018
R40.2 開機未回原點,請先回原點

MOT 9005: 09:32:29  03/20/2018
Z軸超過正向軟體行程極限

PLC 2017: 09:34:25  03/20/2018
R41.1 第5軸不在原點，禁止第6軸移動

PLC 2002: 09:39:34  03/20/2018
R40.2 開機未回原點,請先回原點

MOT 9005: 09:40:59  03/20/2018
Z軸超過正向軟體行程極限

PLC 2017: 09:48:51  03/20/2018
R41.1 第5軸不在原點，禁止第6軸移動

MOT 9005: 09:55:19  03/20/2018
Z軸超過正向軟體行程極限

MOT 9003: 10:09:53  03/20/2018
Y軸超過正向軟體行程極限

MOT 9019: 11:15:29  03/20/2018
第5軸超過正向軟體行程極限

PLC 2006: 11:17:17  03/20/2018
R40.32 加工中松夾刀信號異常

MOT 9003: 11:19:01  03/20/2018
Y軸超過正向軟體行程極限

MOT 9019: 11:19:03  03/20/2018
第5軸超過正向軟體行程極限

MOT 9003: 11:19:53  03/20/2018
Y軸超過正向軟體行程極限

MOT 9019: 11:19:55  03/20/2018
第5軸超過正向軟體行程極限

MOT 9003: 11:20:44  03/20/2018
Y軸超過正向軟體行程極限

MOT 9019: 11:20:45  03/20/2018
第5軸超過正向軟體行程極限

MOT 9003: 11:21:39  03/20/2018
Y軸超過正向軟體行程極限

MOT 9019: 11:21:40  03/20/2018
第5軸超過正向軟體行程極限

MOT 9003: 11:24:35  03/20/2018
Y軸超過正向軟體行程極限

MOT 9019: 11:24:57  03/20/2018
第5軸超過正向軟體行程極限

MOT 9003: 11:26:30  03/20/2018
Y軸超過正向軟體行程極限

MOT 9019: 11:26:46  03/20/2018
第5軸超過正向軟體行程極限

MOT 9002: 11:41:35  03/20/2018
X軸超過負向軟體行程極限

MOT 9003: 11:48:54  03/20/2018
Y軸超過正向軟體行程極限

MOT 9019: 11:48:56  03/20/2018
第5軸超過正向軟體行程極限

MOT 9003: 11:50:32  03/20/2018
Y軸超過正向軟體行程極限

MOT 9019: 11:50:55  03/20/2018
第5軸超過正向軟體行程極限

PLC 2050: 12:06:27  03/20/2018
R43.2 電氣櫃門被打開，空調關閉

PLC 2021: 12:06:28  03/20/2018
R41.16 空調異常報警

MOT 9003: 13:08:56  03/20/2018
Y軸超過正向軟體行程極限

MOT 9001: 13:29:43  03/20/2018
X軸超過正向軟體行程極限

MOT 9003: 13:29:44  03/20/2018
Y軸超過正向軟體行程極限

MOT 9019: 13:30:18  03/20/2018
第5軸超過正向軟體行程極限

MOT 9003: 13:37:04  03/20/2018
Y軸超過正向軟體行程極限

MOT 9019: 14:07:38  03/20/2018
第5軸超過正向軟體行程極限

MOT 9003: 14:34:43  03/20/2018
Y軸超過正向軟體行程極限

MOT 9019: 14:54:57  03/20/2018
第5軸超過正向軟體行程極限

MOT 9003: 14:55:55  03/20/2018
Y軸超過正向軟體行程極限

MOT 9019: 14:59:50  03/20/2018
第5軸超過正向軟體行程極限

MOT 9003: 15:00:41  03/20/2018
Y軸超過正向軟體行程極限

MOT 9019: 15:00:43  03/20/2018
第5軸超過正向軟體行程極限

MOT 9003: 15:01:38  03/20/2018
Y軸超過正向軟體行程極限

MOT 9019: 15:01:40  03/20/2018
第5軸超過正向軟體行程極限

MOT 9003: 15:02:37  03/20/2018
Y軸超過正向軟體行程極限

MOT 9019: 15:02:46  03/20/2018
第5軸超過正向軟體行程極限

MOT 9003: 15:04:10  03/20/2018
Y軸超過正向軟體行程極限

MOT 9019: 15:04:12  03/20/2018
第5軸超過正向軟體行程極限

MOT 9003: 15:07:06  03/20/2018
Y軸超過正向軟體行程極限

MOT 9019: 15:07:11  03/20/2018
第5軸超過正向軟體行程極限

MOT 9003: 15:09:29  03/20/2018
Y軸超過正向軟體行程極限

MOT 9019: 15:09:56  03/20/2018
第5軸超過正向軟體行程極限

MOT 9003: 15:15:38  03/20/2018
Y軸超過正向軟體行程極限

MOT 9019: 15:46:10  03/20/2018
第5軸超過正向軟體行程極限

MOT 9003: 15:59:06  03/20/2018
Y軸超過正向軟體行程極限

MOT 9019: 16:00:10  03/20/2018
第5軸超過正向軟體行程極限

MOT 9003: 16:08:52  03/20/2018
Y軸超過正向軟體行程極限

MOT 9019: 16:24:18  03/20/2018
第5軸超過正向軟體行程極限

MOT 9003: 16:27:59  03/20/2018
Y軸超過正向軟體行程極限

PLC 2050: 17:35:08  03/20/2018
R43.2 電氣櫃門被打開，空調關閉

PLC 2021: 17:35:08  03/20/2018
R41.16 空調異常報警

MOT 9003: 19:13:08  03/20/2018
Y軸超過正向軟體行程極限

MOT 9019: 19:34:22  03/20/2018
第5軸超過正向軟體行程極限

MOT 9003: 19:43:55  03/20/2018
Y軸超過正向軟體行程極限

MOT 9019: 19:54:05  03/20/2018
第5軸超過正向軟體行程極限

MOT 9001: 20:10:22  03/20/2018
X軸超過正向軟體行程極限

MOT 9003: 20:10:22  03/20/2018
Y軸超過正向軟體行程極限

MOT 9019: 21:04:52  03/20/2018
第5軸超過正向軟體行程極限

MOT 9003: 21:19:00  03/20/2018
Y軸超過正向軟體行程極限

MOT 9019: 21:19:12  03/20/2018
第5軸超過正向軟體行程極限

MOT 9003: 21:20:35  03/20/2018
Y軸超過正向軟體行程極限

MOT 9019: 21:31:44  03/20/2018
第5軸超過正向軟體行程極限

MOT 9003: 21:33:22  03/20/2018
Y軸超過正向軟體行程極限

MOT 9019: 21:44:08  03/20/2018
第5軸超過正向軟體行程極限

MOT 9003: 21:44:58  03/20/2018
Y軸超過正向軟體行程極限

MOT 9019: 22:07:28  03/20/2018
第5軸超過正向軟體行程極限

 OP 1001: 08:27:58  03/21/2018
X軸伺服驅動器異常

 OP 1002: 08:27:58  03/21/2018
Y軸伺服驅動器異常

 OP 1003: 08:27:58  03/21/2018
Z軸伺服驅動器異常

PLC 2002: 08:27:58  03/21/2018
R40.2 開機未回原點,請先回原點

MOT 9003: 08:36:23  03/21/2018
Y軸超過正向軟體行程極限

PLC 2050: 12:06:42  03/21/2018
R43.2 電氣櫃門被打開，空調關閉

PLC 2021: 12:06:42  03/21/2018
R41.16 空調異常報警

PLC 2050: 17:35:51  03/21/2018
R43.2 電氣櫃門被打開，空調關閉

PLC 2021: 17:35:51  03/21/2018
R41.16 空調異常報警

PLC 2019: 10:52:27  03/22/2018
R41.4 請讓Z軸先回原點
b超過正向軟體行程極限

MOT 9019: 21:34:48  03/14/2018
第5軸超過正向軟體行程極限

MOT 9003: 21:37:48  03/14/2018
Y軸超過正向軟體行程極限

MOT 9003: 08:32:47  03/15/2018
Y軸超過正向軟體行程極限

MOT 9001: 11:40:18  03/15/2018
X軸超過正向軟體行程極限

MOT 9003: 11:40:18  03/15/2018
Y軸超過正向軟體行程極限

PLC 2050: 12:07:29  03/15/2018
R43.2 電氣櫃門被打開，空調關閉

PLC 2021: 12:07:29  03/15/2018
R41.16 空調異常報警

MOT 9003: 13:01:57  03/15/2018
Y軸超過正向軟體行程極限

MOT 9019: 13:25:00  03/15/2018
第5軸超過正向軟體行程極限

MOT 9003: 13:28:11  03/15/2018
Y軸超過正向軟體行程極限

MOT 9001: 13:45:15  03/15/2018
X軸超過正向軟體行程極限

MOT 9003: 13:45:17  03/15/2018
Y軸超過正向軟體行程極限

PLC 2050: 17:36:07  03/15/2018
R43.2 電氣櫃門被打開，空調關閉

PLC 2021: 17:36:09  03/15/2018
R41.16 空調異常報警

MOT 9003: 18:30:46  03/15/2018
Y軸超過正向軟體行程極限

MOT 9019: 18:40:21  03/15/2018
第5軸超過正向軟體行程極限

PLC 2006: 18:55:59  03/15/2018
R40.32 加工中松夾刀信號異常

MOT 9019: 19:04:31  03/15/2018
第5軸超過正向軟體行程極限

MOT 9003: 19:08:15  03/15/2018
Y軸超過正向軟體行程極限

PLC 2006: 19:08:56  03/15/2018
R40.32 加工中松夾刀信號異常

MOT 9003: 19:17:49  03/15/2018
Y軸超過正向軟體行程極限

MOT 9019: 19:18:46  03/15/2018
第5軸超過正向軟體行程極限

MOT 9003: 19:20:22  03/15/2018
Y軸超過正向軟體行程極限

MOT 9019: 19:26:20  03/15/2018
第5軸超過正向軟體行程極限

MOT 9003: 19:28:03  03/15/2018
Y軸超過正向軟體行程極限

MOT 9019: 19:28:04  03/15/2018
第5軸超過正向軟體行程極限

MOT 9003: 19:32:51  03/15/2018
Y軸超過正向軟體行程極限

MOT 9019: 19:33:13  03/15/2018
第5軸超過正向軟體行程極限

MOT 9003: 19:36:28  03/15/2018
Y軸超過正向軟體行程極限

MOT 9019: 19:36:59  03/15/2018
第5軸超過正向軟體行程極限

MOT 9003: 19:39:59  03/15/2018
Y軸超過正向軟體行程極限

MOT 9018: 19:58:27  03/15/2018
第6軸超過負向軟體行程極限

MOT 9003: 20:02:21  03/15/2018
Y軸超過正向軟體行程極限

MOT 9019: 20:03:28  03/15/2018
第5軸超過正向軟體行程極限

MOT 9003: 20:05:18  03/15/2018
Y軸超過正向軟體行程極限

MOT 9019: 20:06:44  03/15/2018
第5軸超過正向軟體行程極限

MOT 9003: 20:10:30  03/15/2018
Y軸超過正向軟體行程極限

MOT 9019: 20:11:51  03/15/2018
第5軸超過正向軟體行程極限

MOT 9003: 20:14:32  03/15/2018
Y軸超過正向軟體行程極限

MOT 9019: 20:14:56  03/15/2018
第5軸超過正向軟體行程極限

MOT 9003: 20:23:45  03/15/2018
Y軸超過正向軟體行程極限

MOT 9019: 20:44:48  03/15/2018
第5軸超過正向軟體行程極限

MOT 9003: 20:45:51  03/15/2018
Y軸超過正向軟體行程極限

MOT 9019: 20:46:19  03/15/2018
第5軸超過正向軟體行程極限

MOT 9003: 20:47:44  03/15/2018
Y軸超過正向軟體行程極限

MOT 9019: 20:48:00  03/15/2018
第5軸超過正向軟體行程極限

MOT 9003: 20:50:00  03/15/2018
Y軸超過正向軟體行程極限

MOT 9019: 20:50:18  03/15/2018
第5軸超過正向軟體行程極限

MOT 9003: 20:58:10  03/15/2018
Y軸超過正向軟體行程極限

MOT 9019: 21:24:06  03/15/2018
第5軸超過正向軟體行程極限

MOT 9003: 21:25:12  03/15/2018
Y軸超過正向軟體行程極限

MOT 9019: 21:40:43  03/15/2018
第5軸超過正向軟體行程極限

MOT 9003: 21:47:50  03/15/2018
Y軸超過正向軟體行程極限

MOT 9019: 21:48:24  03/15/2018
第5軸超過正向軟體行程極限

MOT 9003: 21:51:31  03/15/2018
Y軸超過正向軟體行程極限

MOT 9003: 08:42:11  03/16/2018
Y軸超過正向軟體行程極限

MOT 9019: 09:56:38  03/16/2018
第5軸超過正向軟體行程極限

MOT 9003: 09:58:51  03/16/2018
Y軸超過正向軟體行程極限

INT 3390: 10:21:11  03/16/2018
補償運算無法迴避過切

MOT 9001: 10:26:48  03/16/2018
X軸超過正向軟體行程極限

MOT 9003: 10:26:48  03/16/2018
Y軸超過正向軟體行程極限

MOT 9019: 10:32:41  03/16/2018
第5軸超過正向軟體行程極限

MOT 9003: 10:34:57  03/16/2018
Y軸超過正向軟體行程極限

MOT 9019: 10:42:18  03/16/2018
第5軸超過正向軟體行程極限

MOT 9003: 10:43:50  03/16/2018
Y軸超過正向軟體行程極限

MOT 9019: 10:44:13  03/16/2018
第5軸超過正向軟體行程極限

MOT 9003: 10:47:13  03/16/2018
Y軸超過正向軟體行程極限

MOT 9019: 11:18:30  03/16/2018
第5軸超過正向軟體行程極限

MOT 9003: 11:20:11  03/16/2018
Y軸超過正向軟體行程極限

MOT 9019: 11:20:47  03/16/2018
第5軸超過正向軟體行程極限

MOT 9003: 11:23:55  03/16/2018
Y軸超過正向軟體行程極限

PLC 2050: 11:49:07  03/16/2018
R43.2 電氣櫃門被打開，空調關閉

PLC 2021: 11:49:07  03/16/2018
R41.16 空調異常報警

MOT 9019: 16:25:18  03/16/2018
第5軸超過正向軟體行程極限

MOT 9003: 16:27:59  03/16/2018
Y軸超過正向軟體行程極限

MOT 9001: 16:43:25  03/16/2018
X軸超過正向軟體行程極限

MOT 9003: 16:43:25  03/16/2018
Y軸超過正向軟體行程極限

MOT 9019: 16:44:01  03/16/2018
第5軸超過正向軟體行程極限

MOT 9003: 16:46:57  03/16/2018
Y軸超過正向軟體行程極限

MOT 9019: 17:13:12  03/16/2018
第5軸超過正向軟體行程極限

MOT 9003: 17:13:58  03/16/2018
Y軸超過正向軟體行程極限

MOT 9019: 17:14:00  03/16/2018
第5軸超過正向軟體行程極限

MOT 9003: 17:15:21  03/16/2018
Y軸超過正向軟體行程極限

MOT 9019: 17:15:35  03/16/2018
第5軸超過正向軟體行程極限

MOT 9003: 17:17:06  03/16/2018
Y軸超過正向軟體行程極限

MOT 9019: 17:17:36  03/16/2018
第5軸超過正向軟體行程極限

PLC 2050: 17:36:06  03/16/2018
R43.2 電氣櫃門被打開，空調關閉

PLC 2021: 17:36:06  03/16/2018
R41.16 空調異常報警

MOT 9003: 19:30:39  03/16/2018
Y軸超過正向軟體行程極限

 OP 1001: 08:23:48  03/17/2018
X軸伺服驅動器異常

 OP 1002: 08:23:48  03/17/2018
Y軸伺服驅動器異常

 OP 1003: 08:23:48  03/17/2018
Z軸伺服驅動器異常

 OP 1001: 08:23:48  03/17/2018
X軸伺服驅動器異常

 OP 1002: 08:23:48  03/17/2018
Y軸伺服驅動器異常

 OP 1003: 08:23:48  03/17/2018
Z軸伺服驅動器異常

PLC 2002: 08:23:48  03/17/2018
R40.2 開機未回原點,請先回原點

MOT 9017: 10:48:28  03/17/2018
第6軸超過正向軟體行程極限

MOT 9018: 10:48:32  03/17/2018
第6軸超過負向軟體行程極限

MOT 9001: 11:29:09  03/17/2018
X軸超過正向軟體行程極限

MOT 9003: 11:29:10  03/17/2018
Y軸超過正向軟體行程極限

MOT 9019: 11:34:39  03/17/2018
第5軸超過正向軟體行程極限

MOT 9018: 11:36:07  03/17/2018
第6軸超過負向軟體行程極限

MOT 9003: 11:36:18  03/17/2018
Y軸超過正向軟體行程極限

PLC 2018: 11:36:20  03/17/2018
R41.2 第6軸不在原點，禁止第5軸移動

MOT 9003: 11:36:40  03/17/2018
Y軸超過正向軟體行程極限

MOT 9019: 11:36:43  03/17/2018
第5軸超過正向軟體行程極限

MOT 9003: 11:38:52  03/17/2018
Y軸超過正向軟體行程極限

MOT 9019: 11:38:55  03/17/2018
第5軸超過正向軟體行程極限

MOT 9003: 11:40:51  03/17/2018
Y軸超過正向軟體行程極限

MOT 9019: 11:40:53  03/17/2018
第5軸超過正向軟體行程極限

PLC 2050: 12:07:26  03/17/2018
R43.2 電氣櫃門被打開，空調關閉

PLC 2021: 12:07:26  03/17/2018
R41.16 空調異常報警

MOT 9003: 13:16:13  03/17/2018
Y軸超過正向軟體行程極限

MOT 9019: 13:27:46  03/17/2018
第5軸超過正向軟體行程極限

MOT 9003: 13:29:10  03/17/2018
Y軸超過正向軟體行程極限

MOT 9019: 13:29:11  03/17/2018
第5軸超過正向軟體行程極限

MOT 9003: 13:30:56  03/17/2018
Y軸超過正向軟體行程極限

MOT 9019: 13:31:04  03/17/2018
第5軸超過正向軟體行程極限

MOT 9003: 13:32:32  03/17/2018
Y軸超過正向軟體行程極限

MOT 9019: 13:44:19  03/17/2018
第5軸超過正向軟體行程極限

MOT 9003: 13:45:19  03/17/2018
Y軸超過正向軟體行程極限

MOT 9019: 13:46:01  03/17/2018
第5軸超過正向軟體行程極限

MOT 9003: 13:47:12  03/17/2018
Y軸超過正向軟體行程極限

MOT 9019: 13:47:24  03/17/2018
第5軸超過正向軟體行程極限

MOT 9003: 13:50:20  03/17/2018
Y軸超過正向軟體行程極限

MOT 9019: 13:52:53  03/17/2018
第5軸超過正向軟體行程極限

MOT 9003: 13:54:54  03/17/2018
Y軸超過正向軟體行程極限

MOT 9019: 13:58:09  03/17/2018
第5軸超過正向軟體行程極限

MOT 9003: 14:01:45  03/17/2018
Y軸超過正向軟體行程極限

MOT 9019: 14:02:17  03/17/2018
第5軸超過正向軟體行程極限

MOT 9003: 14:14:07  03/17/2018
Y軸超過正向軟體行程極限

MOT 9019: 16:06:23  03/17/2018
第5軸超過正向軟體行程極限

MOT 9003: 16:08:25  03/17/2018
Y軸超過正向軟體行程極限

MOT 9019: 16:08:27  03/17/2018
第5軸超過正向軟體行程極限

MOT 9003: 16:09:57  03/17/2018
Y軸超過正向軟體行程極限

MOT 9019: 16:09:59  03/17/2018
第5軸超過正向軟體行程極限

MOT 9003: 16:17:46  03/17/2018
Y軸超過正向軟體行程極限

MOT 9019: 16:23:51  03/17/2018
第5軸超過正向軟體行程極限

MOT 9003: 16:24:58  03/17/2018
Y軸超過正向軟體行程極限

MOT 9019: 16:34:54  03/17/2018
第5軸超過正向軟體行程極限

MOT 9003: 16:36:27  03/17/2018
Y軸超過正向軟體行程極限

MOT 9019: 16:36:29  03/17/2018
第5軸超過正向軟體行程極限

PLC 2006: 17:50:28  03/17/2018
R40.32 加工中松夾刀信號異常

MOT 9003: 18:31:11  03/17/2018
Y軸超過正向軟體行程極限

MOT 9019: 18:32:22  03/17/2018
第5軸超過正向軟體行程極限

MOT 9003: 18:47:37  03/17/2018
Y軸超過正向軟體行程極限

PLC 2006: 19:22:01  03/17/2018
R40.32 加工中松夾刀信號異常

MOT 9003: 19:22:57  03/17/2018
Y軸超過正向軟體行程極限

PLC 2006: 20:53:42  03/17/2018
R40.32 加工中松夾刀信號異常

MOT 9003: 20:54:26  03/17/2018
Y軸超過正向軟體行程極限

MOT 9019: 21:02:50  03/17/2018
第5軸超過正向軟體行程極限

MOT 9003: 21:08:23  03/17/2018
Y軸超過正向軟體行程極限

PLC 2005: 08:25:27  03/18/2018
R40.16 氣壓不足報警

MOT 9003: 08:30:13  03/18/2018
Y軸超過正向軟體行程極限

MOT 9019: 08:51:42  03/18/2018
第5軸超過正向軟體行程極限

MOT 9004: 08:52:55  03/18/2018
Y軸超過負向軟體行程極限

MOT 9003: 08:59:14  03/18/2018
Y軸超過正向軟體行程極限

PLC 2006: 11:01:02  03/18/2018
R40.32 加工中松夾刀信號異常

MOT 9003: 11:01:35  03/18/2018
Y軸超過正向軟體行程極限

MOT 9019: 11:02:44  03/18/2018
第5軸超過正向軟體行程極限

PLC 2050: 11:56:56  03/18/2018
R43.2 電氣櫃門被打開，空調關閉

PLC 2021: 11:56:56  03/18/2018
R41.16 空調異常報警

MOT 9003: 13:01:57  03/18/2018
Y軸超過正向軟體行程極限

PLC 2017: 13:07:19  03/18/2018
R41.1 第5軸不在原點，禁止第6軸移動

MOT 9003: 13:10:44  03/18/2018
Y軸超過正向軟體行程極限

MOT 9001: 13:16:51  03/18/2018
X軸超過正向軟體行程極限

MOT 9003: 13:16:53  03/18/2018
Y軸超過正向軟體行程極限

MOT 9017: 14:26:59  03/18/2018
第6軸超過正向軟體行程極限

MOT 9018: 14:27:10  03/18/2018
第6軸超過負向軟體行程極限

MOT 9003: 14:53:35  03/18/2018
Y軸超過正向軟體行程極限

MOT 9019: 14:56:01  03/18/2018
第5軸超過正向軟體行程極限

MOT 9003: 14:57:23  03/18/2018
Y軸超過正向軟體行程極限

PLC 2006: 15:20:59  03/18/2018
R40.32 加工中松夾刀信號異常

MOT 9003: 15:25:17  03/18/2018
Y軸超過正向軟體行程極限

MOT 9018: 15:25:40  03/18/2018
第6軸超過負向軟體行程極限

MOT 9003: 15:27:06  03/18/2018
Y軸超過正向軟體行程極限

MOT 9017: 08:30:32  03/19/2018
第6軸超過正向軟體行程極限

MOT 9018: 08:31:19  03/19/2018
第6軸超過負向軟體行程極限

MOT 9017: 08:33:48  03/19/2018
第6軸超過正向軟體行程極限

MOT 9018: 08:44:52  03/19/2018
第6軸超過負向軟體行程極限

PLC 2006: 08:46:31  03/19/2018
R40.32 加工中松夾刀信號異常

MOT 9003: 09:18:27  03/19/2018
Y軸超過正向軟體行程極限

MOT 9005: 11:07:11  03/19/2018
Z軸超過正向軟體行程極限

MOT 9003: 11:07:12  03/19/2018
Y軸超過正向軟體行程極限

MOT 9018: 11:48:47  03/19/2018
第6軸超過負向軟體行程極限

MOT 9003: 11:50:11  03/19/2018
Y軸超過正向軟體行程極限

PLC 2050: 12:04:20  03/19/2018
R43.2 電氣櫃門被打開，空調關閉

PLC 2021: 12:04:20  03/19/2018
R41.16 空調異常報警

MOT 9003: 13:01:39  03/19/2018
Y軸超過正向軟體行程極限

MOT 9019: 13:14:10  03/19/2018
第5軸超過正向軟體行程極限

MOT 9003: 13:33:10  03/19/2018
Y軸超過正向軟體行程極限

MOT 9019: 13:37:45  03/19/2018
第5軸超過正向軟體行程極限

MOT 9018: 14:45:19  03/19/2018
第6軸超過負向軟體行程極限

MOT 9003: 15:49:31  03/19/2018
Y軸超過正向軟體行程極限

03: 20:09:23  03/12/2018
Y軸超過正向軟體行程極限

邠d伺服接線或參
數419設定值

                  
                                          
