/*
 MLC alarm string:
  2xxx = "string contexts"
  2: MLC module ID. It can't be another number
  xxx: no. of MLC alarm
  "string contexts": It can't have more than 30 letter in quotes.
                     Quotes can't be ignored.

 Example:
   MLC alarm of number 1 displays "EMERGENCY STOP OR OVERTRAVEL":
   2001 = "EMERGENCY STOP OR OVERTRAVEL   "
*/

// After this line, you can write MLC alarm message

// end

/* default MLC alarm message
2001 = "EMERGENCY STOP OR OVERTRAVEL   "
2002 = "SPINDLE FAULT                  "
2003 = "SPINDLE SPEED ZERO             "
2004 = "AXIS HOME REQUIRED             "
2005 = "Z AXIS MUST RETURN HOME FIRST  "
2006 = "SPINDLE UNCLAMP                "
2007 = "R40=64                         "
2008 = "R40=128                        "
2009 = "R40=256                        "
2010 = "R40=512                        "
2011 = "R40=1024                       "
2012 = "R40=2048                       "
2013 = "R40=4096                       "
2014 = "R40=8192                       "
2015 = "R40=16384                      "
2016 = "RESERVE                        "
2017 = "R41=1                          "
2018 = "R41=2                          "
2019 = "R41=4                          "
2020 = "R41=8                          "
2021 = "R41=16                         "
2022 = "R41=32                         "
2023 = "R41=64                         "
2024 = "R41=128                        "
2025 = "R41=256                        "
2026 = "R41=512                        "
2027 = "R41=1024                       "
2028 = "R41=2048                       "
2029 = "R41=4096                       "
2030 = "R41=8192                       "
2031 = "R41=16384                      "
2032 = "RESERVE                        "
2033 = "R42=1                          "
2034 = "R42=2                          "
2035 = "R42=4                          "
2036 = "R42=8                          "
2037 = "R42=16                         "
2038 = "R42=32                         "
2039 = "R42=64                         "
2040 = "R42=128                        "
2041 = "R42=256                        "
2042 = "R42=512                        "
2043 = "R42=1024                       "
2044 = "R42=2048                       "
2045 = "R42=4096                       "
2046 = "R42=8192                       "
2047 = "R42=16384                      "
2048 = "RESERVE                        "
2049 = "R43=1                          "
2050 = "R43=2                          "
2051 = "R43=4                          "
2052 = "R43=8                          "
2053 = "R43=16                         "
2054 = "R43=32                         "
2055 = "R43=64                         "
2056 = "R43=128                        "
2057 = "R43=256                        "
2058 = "R43=512                        "
2059 = "R43=1024                       "
2060 = "R43=2048                       "
2061 = "R43=4096                       "
2062 = "R43=8192                       "
2063 = "R43=16384                      "
2064 = "RESERVE                        "
2065 = "R44=1                          "
2066 = "R44=2                          "
2067 = "R44=4                          "
2068 = "R44=8                          "
2069 = "R44=16                         "
2070 = "R44=32                         "
2071 = "R44=64                         "
2072 = "R44=128                        "
2073 = "R44=256                        "
2074 = "R44=512                        "
2075 = "R44=1024                       "
2076 = "R44=2048                       "
2077 = "R44=4096                       "
2078 = "R44=8192                       "
2079 = "R44=16384                      "
2080 = "RESERVE                        "
2081 = "R45=1                          "
2082 = "R45=2                          "
2083 = "R45=4                          "
2084 = "R45=8                          "
2085 = "R45=16                         "
2086 = "R45=32                         "
2087 = "R45=64                         "
2088 = "R45=128                        "
2089 = "R45=256                        "
2090 = "R45=512                        "
2091 = "R45=1024                       "
2092 = "R45=2048                       "
2093 = "R45=4096                       "
2094 = "R45=8192                       "
2095 = "R45=16384                      "
2096 = "RESERVE                        "
*/
